<?xml version="1.0" encoding="UTF-8"?>
<!-- Generated by org.testng.reporters.JUnitXMLReporter -->
<testsuite hostname="sms-MacBook-Air.home" ignored="0" name="Amazon Home" tests="1" failures="1" timestamp="27 May 2017 20:28:16 GMT" time="37375.304" errors="0">
  <testcase name="@AfterMethod afterEachTestMethod" time="1.323" classname="Base.CommonAPI">
    <failure type="org.openqa.selenium.WebDriverException" message="Failed to decode response from marionette
Build info: version: &amp;apos;3.4.0&amp;apos;, revision: &amp;apos;unknown&amp;apos;, time: &amp;apos;unknown&amp;apos;
System info: host: &amp;apos;sms-MacBook-Air.home&amp;apos;, ip: &amp;apos;fe80:0:0:0:8af:5835:21ff:e64f%en0&amp;apos;, os.name: &amp;apos;Mac OS X&amp;apos;, os.arch: &amp;apos;x86_64&amp;apos;, os.version: &amp;apos;10.12.4&amp;apos;, java.version: &amp;apos;1.8.0_121&amp;apos;
Driver info: org.openqa.selenium.firefox.FirefoxDriver
Capabilities [{moz:profile=/var/folders/3l/h08n64s53j55r5bw7_2_pcrw0000gn/T/rust_mozprofile.n7BD49dOZVlR, rotatable=false, timeouts={implicit=0.0, pageLoad=300000.0, script=30000.0}, pageLoadStrategy=normal, platform=ANY, specificationLevel=0.0, moz:accessibilityChecks=false, acceptInsecureCerts=false, browserVersion=53.0.3, platformVersion=16.5.0, moz:processID=677.0, browserName=firefox, javascriptEnabled=true, platformName=darwin}]
Session ID: a25d07dc-1989-a84b-bc5b-89e00e50b0ec">
      <![CDATA[org.openqa.selenium.WebDriverException: Failed to decode response from marionette
Build info: version: '3.4.0', revision: 'unknown', time: 'unknown'
System info: host: 'sms-MacBook-Air.home', ip: 'fe80:0:0:0:8af:5835:21ff:e64f%en0', os.name: 'Mac OS X', os.arch: 'x86_64', os.version: '10.12.4', java.version: '1.8.0_121'
Driver info: org.openqa.selenium.firefox.FirefoxDriver
Capabilities [{moz:profile=/var/folders/3l/h08n64s53j55r5bw7_2_pcrw0000gn/T/rust_mozprofile.n7BD49dOZVlR, rotatable=false, timeouts={implicit=0.0, pageLoad=300000.0, script=30000.0}, pageLoadStrategy=normal, platform=ANY, specificationLevel=0.0, moz:accessibilityChecks=false, acceptInsecureCerts=false, browserVersion=53.0.3, platformVersion=16.5.0, moz:processID=677.0, browserName=firefox, javascriptEnabled=true, platformName=darwin}]
Session ID: a25d07dc-1989-a84b-bc5b-89e00e50b0ec
	at org.openqa.selenium.remote.http.W3CHttpResponseCodec.createException(W3CHttpResponseCodec.java:150)
	at org.openqa.selenium.remote.http.W3CHttpResponseCodec.decode(W3CHttpResponseCodec.java:115)
	at org.openqa.selenium.remote.http.W3CHttpResponseCodec.decode(W3CHttpResponseCodec.java:45)
	at org.openqa.selenium.remote.HttpCommandExecutor.execute(HttpCommandExecutor.java:164)
	at org.openqa.selenium.remote.service.DriverCommandExecutor.execute(DriverCommandExecutor.java:82)
	at org.openqa.selenium.remote.RemoteWebDriver.execute(RemoteWebDriver.java:637)
	at org.openqa.selenium.remote.RemoteWebDriver.execute(RemoteWebDriver.java:694)
	at org.openqa.selenium.remote.RemoteWebDriver.getScreenshotAs(RemoteWebDriver.java:382)
	at Base.CommonAPI.captureScreenshot(CommonAPI.java:338)
	at Base.CommonAPI.afterEachTestMethod(CommonAPI.java:85)
	at java.util.concurrent.FutureTask.run(FutureTask.java:266)
	at java.util.concurrent.ThreadPoolExecutor.runWorker(ThreadPoolExecutor.java:1142)
	at java.util.concurrent.ThreadPoolExecutor$Worker.run(ThreadPoolExecutor.java:617)
	at java.lang.Thread.run(Thread.java:745)
... Removed 22 stack frames]]>
    </failure>
  </testcase> <!-- @AfterMethod afterEachTestMethod -->
  <testcase name="@AfterMethod cleanUp" time="0.0" classname="Base.CommonAPI">
    <skipped/>
  </testcase> <!-- @AfterMethod cleanUp -->
  <testcase name="search" time="37358.955" classname="searchelements.SearchElements">
    <failure type="java.lang.NullPointerException">
      <![CDATA[java.lang.NullPointerException
	at java.io.File.<init>(File.java:277)
	at utility.reader.DataReader.fileReader(DataReader.java:46)
	at search.ElementsToBeSearched.getDataFromExcelFile(Unknown Source)
	at search.Searchelement.getDataFromExcelFileAndSearch(Searchelement.java:40)
	at searchelements.SearchElements.search(SearchElements.java:23)
	at java.util.concurrent.FutureTask.run(FutureTask.java:266)
	at java.util.concurrent.ThreadPoolExecutor.runWorker(ThreadPoolExecutor.java:1142)
	at java.util.concurrent.ThreadPoolExecutor$Worker.run(ThreadPoolExecutor.java:617)
	at java.lang.Thread.run(Thread.java:745)
... Removed 16 stack frames]]>
    </failure>
  </testcase> <!-- search -->
</testsuite> <!-- Amazon Home -->
