<?xml version="1.0" encoding="UTF-8"?>
<testng-results skipped="0" failed="0" ignored="0" total="1" passed="1">
  <reporter-output>
    <line>
      <![CDATA[Extent Report directory: /Users/smhoque/IdeaProjects/SocialMedia/FaceBook/test-output/html]]>
    </line>
    <line>
      <![CDATA[]]>
    </line>
    <line>
      <![CDATA[Launch local browser Instance]]>
    </line>
  </reporter-output>
  <suite name="FaceBook" duration-ms="41764" started-at="2017-05-28T06:04:56Z" finished-at="2017-05-28T06:05:38Z">
    <groups>
    </groups>
    <test name="FaceBook Test" duration-ms="41764" started-at="2017-05-28T06:04:56Z" finished-at="2017-05-28T06:05:38Z">
      <class name="AcceptFriendRequest.acceptFriendRequest">
        <test-method status="PASS" signature="extentSetup(org.testng.ITestContext)[pri:0, instance:AcceptFriendRequest.acceptFriendRequest@1a407d53]" name="extentSetup" is-config="true" duration-ms="859" started-at="2017-05-28T02:04:55Z" finished-at="2017-05-28T02:04:56Z">
          <params>
            <param index="0">
              <value>
                <![CDATA[org.testng.TestRunner@3439f68d]]>
              </value>
            </param>
          </params>
          <reporter-output>
            <line>
              <![CDATA[Extent Report directory: /Users/smhoque/IdeaProjects/SocialMedia/FaceBook/test-output/html]]>
            </line>
          </reporter-output>
        </test-method> <!-- extentSetup -->
        <test-method status="PASS" signature="setUp(boolean, java.lang.String, java.lang.String, java.lang.String, java.lang.String, java.lang.String, java.lang.String)[pri:0, instance:AcceptFriendRequest.acceptFriendRequest@1a407d53]" name="setUp" is-config="true" duration-ms="7488" started-at="2017-05-28T02:04:56Z" finished-at="2017-05-28T02:05:04Z">
          <params>
            <param index="0">
              <value>
                <![CDATA[false]]>
              </value>
            </param>
            <param index="1">
              <value>
                <![CDATA[browserstack]]>
              </value>
            </param>
            <param index="2">
              <value>
                <![CDATA[OS X]]>
              </value>
            </param>
            <param index="3">
              <value>
                <![CDATA[Sierra]]>
              </value>
            </param>
            <param index="4">
              <value>
                <![CDATA[firefox]]>
              </value>
            </param>
            <param index="5">
              <value>
                <![CDATA[53.0]]>
              </value>
            </param>
            <param index="6">
              <value>
                <![CDATA[https://www.facebook.com/]]>
              </value>
            </param>
          </params>
          <reporter-output>
          </reporter-output>
        </test-method> <!-- setUp -->
        <test-method status="PASS" signature="startExtent(java.lang.reflect.Method)[pri:0, instance:AcceptFriendRequest.acceptFriendRequest@1a407d53]" name="startExtent" is-config="true" duration-ms="18" started-at="2017-05-28T02:05:04Z" finished-at="2017-05-28T02:05:04Z">
          <params>
            <param index="0">
              <value>
                <![CDATA[public void AcceptFriendRequest.acceptFriendRequest.confirmRequest()]]>
              </value>
            </param>
          </params>
          <reporter-output>
          </reporter-output>
        </test-method> <!-- startExtent -->
        <test-method status="PASS" signature="confirmRequest()[pri:0, instance:AcceptFriendRequest.acceptFriendRequest@1a407d53]" name="confirmRequest" duration-ms="33387" started-at="2017-05-28T02:05:04Z" finished-at="2017-05-28T02:05:37Z">
          <reporter-output>
            <line>
              <![CDATA[]]>
            </line>
            <line>
              <![CDATA[Launch local browser Instance]]>
            </line>
          </reporter-output>
        </test-method> <!-- confirmRequest -->
        <test-method status="PASS" signature="afterEachTestMethod(org.testng.ITestResult)[pri:0, instance:AcceptFriendRequest.acceptFriendRequest@1a407d53]" name="afterEachTestMethod" is-config="true" duration-ms="849" started-at="2017-05-28T02:05:37Z" finished-at="2017-05-28T02:05:38Z">
          <params>
            <param index="0">
              <value>
                <![CDATA[[TestResult name=confirmRequest status=SUCCESS method=acceptFriendRequest.confirmRequest()[pri:0, instance:AcceptFriendRequest.acceptFriendRequest@1a407d53] output=""]]]>
              </value>
            </param>
          </params>
          <reporter-output>
          </reporter-output>
        </test-method> <!-- afterEachTestMethod -->
        <test-method status="PASS" signature="cleanUp()[pri:0, instance:AcceptFriendRequest.acceptFriendRequest@1a407d53]" name="cleanUp" is-config="true" duration-ms="0" started-at="2017-05-28T02:05:38Z" finished-at="2017-05-28T02:05:38Z">
          <reporter-output>
          </reporter-output>
        </test-method> <!-- cleanUp -->
        <test-method status="PASS" signature="generateReport()[pri:0, instance:AcceptFriendRequest.acceptFriendRequest@1a407d53]" name="generateReport" is-config="true" duration-ms="51" started-at="2017-05-28T02:05:38Z" finished-at="2017-05-28T02:05:38Z">
          <reporter-output>
          </reporter-output>
        </test-method> <!-- generateReport -->
      </class> <!-- AcceptFriendRequest.acceptFriendRequest -->
    </test> <!-- FaceBook Test -->
  </suite> <!-- FaceBook -->
</testng-results>
